<?xml version="1.0" encoding="UTF-8"?>
<beans xmlns="http://www.springframework.org/schema/beans"
       xmlns:context="http://www.springframework.org/schema/context"
       xmlns:xsi="http://www.w3.org/2001/XMLSchema-instance"
       xsi:schemaLocation="http://www.springframework.org/schema/beans
           http://www.springframework.org/schema/beans/spring-beans-2.5.xsd
           http://www.springframework.org/schema/context
           http://www.springframework.org/schema/context/spring-context-2.5.xsd">

  <!-- Enable Spring beans annotation support -->
  <context:annotation-config/>

  <!--
    Enable automatic classpath scanning.
    NOTE: exclude from scanning any types causing auto-wiring errors and which we
    don't care to mock for the purposes of testing.
  -->
  <context:component-scan base-package="org.dataminx.dts">
    <context:exclude-filter type="assignable" expression="org.dataminx.dts.batch.DtsJobFactoryImpl"/>
    <context:exclude-filter type="assignable" expression="org.dataminx.dts.jms.DtsMessageConverter"/>
    <context:exclude-filter type="assignable" expression="org.dataminx.dts.vfs.DtsFileSystemManager"/>
    <context:exclude-filter type="assignable" expression="org.dataminx.dts.service.FileCopyingServiceImpl"/>
  </context:component-scan>

  <bean id="dtsJaxbUnmarshaller"
        class="org.springframework.oxm.jaxb.Jaxb2Marshaller">
    <property name="schema" value="/minx-dts.xsd"/>
    <property name="classesToBeBound">
      <list>
        <value>org.dataminx.schemas.dts._2009._05.dts.CancelJobRequest</value>
        <value>org.dataminx.schemas.dts._2009._05.dts.ResumeJobRequest</value>
        <value>org.dataminx.schemas.dts._2009._05.dts.SubmitJobRequest</value>
        <value>org.dataminx.schemas.dts._2009._05.dts.SuspendJobRequest</value>
      </list>
    </property>
  </bean>

  <bean id="applicationProperties"
        class="org.springframework.beans.factory.config.PropertyPlaceholderConfigurer">
    <property name="locations">
      <list>
        <value>file:///${user.home}/.dataminx/batch.properties</value>
        <value>file:///${user.home}/.dataminx/jms.properties</value>
      </list>
    </property>
    <property name="systemPropertiesModeName" value="SYSTEM_PROPERTIES_MODE_OVERRIDE"/>
    <property name="ignoreUnresolvablePlaceholders" value="false"/>
    <property name="order" value="1"/>
  </bean>

</beans>
