<?xml version="1.0" encoding="UTF-8"?>
<beans xmlns="http://www.springframework.org/schema/beans"
       xmlns:context="http://www.springframework.org/schema/context"
       xmlns:xsi="http://www.w3.org/2001/XMLSchema-instance"
       xsi:schemaLocation="http://www.springframework.org/schema/beans
           http://www.springframework.org/schema/beans/spring-beans-2.5.xsd
           http://www.springframework.org/schema/context
           http://www.springframework.org/schema/context/spring-context-2.5.xsd">

  <!-- Enable Spring beans annotation support -->
  <context:annotation-config/>

  <!-- Enable automatic classpath scanning -->
  <context:component-scan base-package="org.dataminx.dts"/>

  <bean id="dtsFileSystemManager"
        init-method="init"
        class="org.dataminx.dts.vfs.DtsFileSystemManager">
    <property name="configurationResource" value="vfs/providers.xml"/>
  </bean>

  <bean id="placeholderProperties"
        class="org.springframework.beans.factory.config.PropertyPlaceholderConfigurer">
    <property name="location" value="file:///${dataminx.dir}/batch.properties"/>
    <property name="systemPropertiesModeName" value="SYSTEM_PROPERTIES_MODE_OVERRIDE"/>
    <property name="ignoreUnresolvablePlaceholders" value="false"/>
    <property name="order" value="1"/>
  </bean>

</beans>
