<?xml version="1.0" encoding="UTF-8"?>
<beans xmlns="http://www.springframework.org/schema/beans"
       xmlns:context="http://www.springframework.org/schema/context"
       xmlns:xsi="http://www.w3.org/2001/XMLSchema-instance"
       xsi:schemaLocation="http://www.springframework.org/schema/beans
           http://www.springframework.org/schema/beans/spring-beans-2.5.xsd
           http://www.springframework.org/schema/context
           http://www.springframework.org/schema/context/spring-context-2.5.xsd">

  <!-- Enable Spring beans annotation support -->
  <context:annotation-config/>

  <!--
    Enable automatic classpath scanning.
    NOTE: exclude from scanning any types causing auto-wiring errors and which we
    don't care to mock for the purposes of testing.
  -->
  <context:component-scan base-package="org.dataminx.dts">
    <context:exclude-filter type="assignable" expression="org.dataminx.dts.batch.service.FileCopyingServiceImpl"/>
  </context:component-scan>

  <bean id="applicationProperties"
        class="org.springframework.beans.factory.config.PropertyPlaceholderConfigurer">
    <property name="locations">
      <list>
        <value>file:///${dataminx.dir}/dts-workernode.properties</value>
        <value>file:///${dataminx.dir}/dts-bulkcopyjob.properties</value>
      </list>
    </property>
    <property name="systemPropertiesModeName" value="SYSTEM_PROPERTIES_MODE_OVERRIDE"/>
    <property name="ignoreUnresolvablePlaceholders" value="false"/>
    <property name="order" value="1"/>
  </bean>
  
  <!-- The task executor used by the Job Launcher specific to this module -->
  <bean id="jobLauncherTaskExecutor" class="org.springframework.core.task.SyncTaskExecutor" />
 
  <bean id="jobQueueSender" class="org.dataminx.dts.common.jms.JobQueueSender">
    <property name="queue" ref="jmsJobSubmitQueue"/>
    <property name="jmsTemplate" ref="convertableJmsTemplate"/>
  </bean>
  <bean id="controlQueueSender" class="org.dataminx.dts.common.jms.ControlQueueSender">
    <property name="queue" ref="jmsJobControlQueue"/>
    <property name="jmsTemplate" ref="controlQueueConvertableJmsTemplate"/>
  </bean>
  <bean id="credentialStore" class="org.dataminx.dts.common.util.CredentialStoreImpl"/>
  
</beans>
